This is pdfTeX, Version 3.141592653-2.6-1.40.22 (TeX Live 2021) (preloaded format=pdflatex 2021.6.7)  16 DEC 2022 11:35
entering extended mode
 restricted \write18 enabled.
 file:line:error style messages enabled.
 %&-line parsing enabled.
**"/Users/utkarsh/NYU/Monte Carlo Methods/Homeworks/homework5/LatexReport/Report.tex"
(/Users/utkarsh/NYU/Monte Carlo Methods/Homeworks/homework5/LatexReport/Report.tex
LaTeX2e <2021-06-01>
L3 programming layer <2021-06-01> (/usr/local/texlive/2021/texmf-dist/tex/latex/base/article.cls
Document Class: article 2021/02/12 v1.4n Standard LaTeX document class
(/usr/local/texlive/2021/texmf-dist/tex/latex/base/size11.clo
File: size11.clo 2021/02/12 v1.4n Standard LaTeX file (size option)
)
\c@part=\count182
\c@section=\count183
\c@subsection=\count184
\c@subsubsection=\count185
\c@paragraph=\count186
\c@subparagraph=\count187
\c@figure=\count188
\c@table=\count189
\abovecaptionskip=\skip47
\belowcaptionskip=\skip48
\bibindent=\dimen138
) (/usr/local/texlive/2021/texmf-dist/tex/latex/cite/cite.sty
LaTeX Info: Redefining \cite on input line 302.
LaTeX Info: Redefining \nocite on input line 332.
Package: cite 2015/02/27  v 5.5
) (/usr/local/texlive/2021/texmf-dist/tex/latex/caption/caption.sty
Package: caption 2020/10/26 v3.5g Customizing captions (AR)
 (/usr/local/texlive/2021/texmf-dist/tex/latex/caption/caption3.sty
Package: caption3 2020/10/21 v2.2e caption3 kernel (AR)
 (/usr/local/texlive/2021/texmf-dist/tex/latex/graphics/keyval.sty
Package: keyval 2014/10/28 v1.15 key=value parser (DPC)
\KV@toks@=\toks16
)
\captionmargin=\dimen139
\captionmargin@=\dimen140
\captionwidth=\dimen141
\caption@tempdima=\dimen142
\caption@indent=\dimen143
\caption@parindent=\dimen144
\caption@hangindent=\dimen145
Package caption Info: Standard document class detected.
)
\c@caption@flags=\count190
\c@continuedfloat=\count191
) (/usr/local/texlive/2021/texmf-dist/tex/latex/geometry/geometry.sty
Package: geometry 2020/01/02 v5.9 Page Geometry
 (/usr/local/texlive/2021/texmf-dist/tex/generic/iftex/ifvtex.sty
Package: ifvtex 2019/10/25 v1.7 ifvtex legacy package. Use iftex instead.
 (/usr/local/texlive/2021/texmf-dist/tex/generic/iftex/iftex.sty
Package: iftex 2020/03/06 v1.0d TeX engine tests
))
\Gm@cnth=\count192
\Gm@cntv=\count193
\c@Gm@tempcnt=\count194
\Gm@bindingoffset=\dimen146
\Gm@wd@mp=\dimen147
\Gm@odd@mp=\dimen148
\Gm@even@mp=\dimen149
\Gm@layoutwidth=\dimen150
\Gm@layoutheight=\dimen151
\Gm@layouthoffset=\dimen152
\Gm@layoutvoffset=\dimen153
\Gm@dimlist=\toks17
) (/usr/local/texlive/2021/texmf-dist/tex/latex/graphics/graphics.sty
Package: graphics 2021/03/04 v1.4d Standard LaTeX Graphics (DPC,SPQR)
 (/usr/local/texlive/2021/texmf-dist/tex/latex/graphics/trig.sty
Package: trig 2016/01/03 v1.10 sin cos tan (DPC)
) (/usr/local/texlive/2021/texmf-dist/tex/latex/graphics-cfg/graphics.cfg
File: graphics.cfg 2016/06/04 v1.11 sample graphics configuration
)
Package graphics Info: Driver file: pdftex.def on input line 107.
 (/usr/local/texlive/2021/texmf-dist/tex/latex/graphics-def/pdftex.def
File: pdftex.def 2020/10/05 v1.2a Graphics/color driver for pdftex
)) (/usr/local/texlive/2021/texmf-dist/tex/latex/graphics/epsfig.sty
Package: epsfig 2017/06/25 v1.7b (e)psfig emulation (SPQR)
 (/usr/local/texlive/2021/texmf-dist/tex/latex/graphics/graphicx.sty
Package: graphicx 2020/12/05 v1.2c Enhanced LaTeX Graphics (DPC,SPQR)
\Gin@req@height=\dimen154
\Gin@req@width=\dimen155
)
\epsfxsize=\dimen156
\epsfysize=\dimen157
) (/usr/local/texlive/2021/texmf-dist/tex/latex/float/float.sty
Package: float 2001/11/08 v1.3d Float enhancements (AL)
\c@float@type=\count195
\float@exts=\toks18
\float@box=\box50
\@float@everytoks=\toks19
\@floatcapt=\box51
) (/usr/local/texlive/2021/texmf-dist/tex/latex/graphics/color.sty
Package: color 2020/02/24 v1.2b Standard LaTeX Color (DPC)
 (/usr/local/texlive/2021/texmf-dist/tex/latex/graphics-cfg/color.cfg
File: color.cfg 2016/01/02 v1.6 sample color configuration
)
Package color Info: Driver file: pdftex.def on input line 149.
) (/usr/local/texlive/2021/texmf-dist/tex/latex/base/latexsym.sty
Package: latexsym 1998/08/17 v2.2e Standard LaTeX package (lasy symbols)
\symlasy=\mathgroup4
LaTeX Font Info:    Overwriting symbol font `lasy' in version `bold'
(Font)                  U/lasy/m/n --> U/lasy/b/n on input line 52.
) (/usr/local/texlive/2021/texmf-dist/tex/latex/amsmath/amsmath.sty
Package: amsmath 2021/04/20 v2.17j AMS math features
\@mathmargin=\skip49

For additional information on amsmath, use the `?' option.
(/usr/local/texlive/2021/texmf-dist/tex/latex/amsmath/amstext.sty
Package: amstext 2000/06/29 v2.01 AMS text
 (/usr/local/texlive/2021/texmf-dist/tex/latex/amsmath/amsgen.sty
File: amsgen.sty 1999/11/30 v2.0 generic functions
\@emptytoks=\toks20
\ex@=\dimen158
)) (/usr/local/texlive/2021/texmf-dist/tex/latex/amsmath/amsbsy.sty
Package: amsbsy 1999/11/29 v1.2d Bold Symbols
\pmbraise@=\dimen159
) (/usr/local/texlive/2021/texmf-dist/tex/latex/amsmath/amsopn.sty
Package: amsopn 2016/03/08 v2.02 operator names
)
\inf@bad=\count196
LaTeX Info: Redefining \frac on input line 234.
\uproot@=\count197
\leftroot@=\count198
LaTeX Info: Redefining \overline on input line 399.
\classnum@=\count199
\DOTSCASE@=\count266
LaTeX Info: Redefining \ldots on input line 496.
LaTeX Info: Redefining \dots on input line 499.
LaTeX Info: Redefining \cdots on input line 620.
\Mathstrutbox@=\box52
\strutbox@=\box53
\big@size=\dimen160
LaTeX Font Info:    Redeclaring font encoding OML on input line 743.
LaTeX Font Info:    Redeclaring font encoding OMS on input line 744.
\macc@depth=\count267
\c@MaxMatrixCols=\count268
\dotsspace@=\muskip16
\c@parentequation=\count269
\dspbrk@lvl=\count270
\tag@help=\toks21
\row@=\count271
\column@=\count272
\maxfields@=\count273
\andhelp@=\toks22
\eqnshift@=\dimen161
\alignsep@=\dimen162
\tagshift@=\dimen163
\tagwidth@=\dimen164
\totwidth@=\dimen165
\lineht@=\dimen166
\@envbody=\toks23
\multlinegap=\skip50
\multlinetaggap=\skip51
\mathdisplay@stack=\toks24
LaTeX Info: Redefining \[ on input line 2923.
LaTeX Info: Redefining \] on input line 2924.
) (/usr/local/texlive/2021/texmf-dist/tex/latex/amscls/amsthm.sty
Package: amsthm 2020/05/29 v2.20.6
\thm@style=\toks25
\thm@bodyfont=\toks26
\thm@headfont=\toks27
\thm@notefont=\toks28
\thm@headpunct=\toks29
\thm@preskip=\skip52
\thm@postskip=\skip53
\thm@headsep=\skip54
\dth@everypar=\toks30
) (/usr/local/texlive/2021/texmf-dist/tex/latex/amsfonts/amssymb.sty
Package: amssymb 2013/01/14 v3.01 AMS font symbols
 (/usr/local/texlive/2021/texmf-dist/tex/latex/amsfonts/amsfonts.sty
Package: amsfonts 2013/01/14 v3.01 Basic AMSFonts support
\symAMSa=\mathgroup5
\symAMSb=\mathgroup6
LaTeX Font Info:    Redeclaring math symbol \hbar on input line 98.
LaTeX Font Info:    Overwriting math alphabet `\mathfrak' in version `bold'
(Font)                  U/euf/m/n --> U/euf/b/n on input line 106.
)) (/usr/local/texlive/2021/texmf-dist/tex/latex/tools/array.sty
Package: array 2021/04/20 v2.5e Tabular extension package (FMi)
\col@sep=\dimen167
\ar@mcellbox=\box54
\extrarowheight=\dimen168
\NC@list=\toks31
\extratabsurround=\skip55
\backup@length=\skip56
\ar@cellbox=\box55
) (/usr/local/texlive/2021/texmf-dist/tex/latex/url/url.sty
\Urlmuskip=\muskip17
Package: url 2013/09/16  ver 3.4  Verb mode for urls, etc.
) (/usr/local/texlive/2021/texmf-dist/tex/latex/boxedminipage/boxedminipage.sty
Package: boxedminipage 2020/04/19 v1.1 Boxed LaTeX2e minipages
\bmp@box=\box56
\bmp@width=\skip57
\bmp@height=\skip58
) (/usr/local/texlive/2021/texmf-dist/tex/latex/titlesec/titlesec.sty
Package: titlesec 2019/10/16 v2.13 Sectioning titles
\ttl@box=\box57
\beforetitleunit=\skip59
\aftertitleunit=\skip60
\ttl@plus=\dimen169
\ttl@minus=\dimen170
\ttl@toksa=\toks32
\titlewidth=\dimen171
\titlewidthlast=\dimen172
\titlewidthfirst=\dimen173
) (/usr/local/texlive/2021/texmf-dist/tex/latex/hyperref/hyperref.sty
Package: hyperref 2021-06-05 v7.00l Hypertext links for LaTeX
 (/usr/local/texlive/2021/texmf-dist/tex/generic/ltxcmds/ltxcmds.sty
Package: ltxcmds 2020-05-10 v1.25 LaTeX kernel commands for general use (HO)
) (/usr/local/texlive/2021/texmf-dist/tex/generic/pdftexcmds/pdftexcmds.sty
Package: pdftexcmds 2020-06-27 v0.33 Utility functions of pdfTeX for LuaTeX (HO)
 (/usr/local/texlive/2021/texmf-dist/tex/generic/infwarerr/infwarerr.sty
Package: infwarerr 2019/12/03 v1.5 Providing info/warning/error messages (HO)
)
Package pdftexcmds Info: \pdf@primitive is available.
Package pdftexcmds Info: \pdf@ifprimitive is available.
Package pdftexcmds Info: \pdfdraftmode found.
) (/usr/local/texlive/2021/texmf-dist/tex/generic/kvsetkeys/kvsetkeys.sty
Package: kvsetkeys 2019/12/15 v1.18 Key value parser (HO)
) (/usr/local/texlive/2021/texmf-dist/tex/generic/kvdefinekeys/kvdefinekeys.sty
Package: kvdefinekeys 2019-12-19 v1.6 Define keys (HO)
) (/usr/local/texlive/2021/texmf-dist/tex/generic/pdfescape/pdfescape.sty
Package: pdfescape 2019/12/09 v1.15 Implements pdfTeX's escape features (HO)
) (/usr/local/texlive/2021/texmf-dist/tex/latex/hycolor/hycolor.sty
Package: hycolor 2020-01-27 v1.10 Color options for hyperref/bookmark (HO)
) (/usr/local/texlive/2021/texmf-dist/tex/latex/letltxmacro/letltxmacro.sty
Package: letltxmacro 2019/12/03 v1.6 Let assignment for LaTeX macros (HO)
) (/usr/local/texlive/2021/texmf-dist/tex/latex/auxhook/auxhook.sty
Package: auxhook 2019-12-17 v1.6 Hooks for auxiliary files (HO)
) (/usr/local/texlive/2021/texmf-dist/tex/latex/kvoptions/kvoptions.sty
Package: kvoptions 2020-10-07 v3.14 Key value format for package options (HO)
)
\@linkdim=\dimen174
\Hy@linkcounter=\count274
\Hy@pagecounter=\count275
 (/usr/local/texlive/2021/texmf-dist/tex/latex/hyperref/pd1enc.def
File: pd1enc.def 2021-06-05 v7.00l Hyperref: PDFDocEncoding definition (HO)
Now handling font encoding PD1 ...
... no UTF-8 mapping file for font encoding PD1
) (/usr/local/texlive/2021/texmf-dist/tex/latex/hyperref/hyperref-langpatches.def
File: hyperref-langpatches.def 2021-06-05 v7.00l Hyperref: patches for babel languages
) (/usr/local/texlive/2021/texmf-dist/tex/generic/intcalc/intcalc.sty
Package: intcalc 2019/12/15 v1.3 Expandable calculations with integers (HO)
) (/usr/local/texlive/2021/texmf-dist/tex/generic/etexcmds/etexcmds.sty
Package: etexcmds 2019/12/15 v1.7 Avoid name clashes with e-TeX commands (HO)
)
\Hy@SavedSpaceFactor=\count276
 (/usr/local/texlive/2021/texmf-dist/tex/latex/hyperref/puenc.def
File: puenc.def 2021-06-05 v7.00l Hyperref: PDF Unicode definition (HO)
Now handling font encoding PU ...
... no UTF-8 mapping file for font encoding PU
)
Package hyperref Info: Option `plainpages' set `false' on input line 4073.
Package hyperref Info: Option `colorlinks' set `true' on input line 4073.
Package hyperref Info: Hyper figures OFF on input line 4192.
Package hyperref Info: Link nesting OFF on input line 4197.
Package hyperref Info: Hyper index ON on input line 4200.
Package hyperref Info: Plain pages OFF on input line 4207.
Package hyperref Info: Backreferencing OFF on input line 4212.
Package hyperref Info: Implicit mode ON; LaTeX internals redefined.
Package hyperref Info: Bookmarks ON on input line 4445.
\c@Hy@tempcnt=\count277
LaTeX Info: Redefining \url on input line 4804.
\XeTeXLinkMargin=\dimen175
 (/usr/local/texlive/2021/texmf-dist/tex/generic/bitset/bitset.sty
Package: bitset 2019/12/09 v1.3 Handle bit-vector datatype (HO)
 (/usr/local/texlive/2021/texmf-dist/tex/generic/bigintcalc/bigintcalc.sty
Package: bigintcalc 2019/12/15 v1.5 Expandable calculations on big integers (HO)
))
\Fld@menulength=\count278
\Field@Width=\dimen176
\Fld@charsize=\dimen177
Package hyperref Info: Hyper figures OFF on input line 6076.
Package hyperref Info: Link nesting OFF on input line 6081.
Package hyperref Info: Hyper index ON on input line 6084.
Package hyperref Info: backreferencing OFF on input line 6091.
Package hyperref Info: Link coloring ON on input line 6094.
Package hyperref Info: Link coloring with OCG OFF on input line 6101.
Package hyperref Info: PDF/A mode OFF on input line 6106.
LaTeX Info: Redefining \ref on input line 6146.
LaTeX Info: Redefining \pageref on input line 6150.
 (/usr/local/texlive/2021/texmf-dist/tex/latex/base/atbegshi-ltx.sty
Package: atbegshi-ltx 2021/01/10 v1.0c Emulation of the original atbegshi
package with kernel methods
)
\Hy@abspage=\count279
\c@Item=\count280
\c@Hfootnote=\count281
)
Package hyperref Info: Driver (autodetected): hpdftex.
 (/usr/local/texlive/2021/texmf-dist/tex/latex/hyperref/hpdftex.def
File: hpdftex.def 2021-06-05 v7.00l Hyperref driver for pdfTeX
 (/usr/local/texlive/2021/texmf-dist/tex/latex/base/atveryend-ltx.sty
Package: atveryend-ltx 2020/08/19 v1.0a Emulation of the original atvery package
with kernel methods
)
\Fld@listcount=\count282
\c@bookmark@seq@number=\count283
 (/usr/local/texlive/2021/texmf-dist/tex/latex/rerunfilecheck/rerunfilecheck.sty
Package: rerunfilecheck 2019/12/05 v1.9 Rerun checks for auxiliary files (HO)
 (/usr/local/texlive/2021/texmf-dist/tex/generic/uniquecounter/uniquecounter.sty
Package: uniquecounter 2019/12/15 v1.4 Provide unlimited unique counter (HO)
)
Package uniquecounter Info: New unique counter `rerunfilecheck' on input line 286.
)
\Hy@SectionHShift=\skip61
) (/usr/local/texlive/2021/texmf-dist/tex/latex/algorithmicx/algorithmicx.sty
Package: algorithmicx 2005/04/27 v1.2 Algorithmicx
 (/usr/local/texlive/2021/texmf-dist/tex/latex/base/ifthen.sty
Package: ifthen 2020/11/24 v1.1c Standard LaTeX ifthen package (DPC)
)
Document Style algorithmicx 1.2 - a greatly improved `algorithmic' style
\c@ALG@line=\count284
\c@ALG@rem=\count285
\c@ALG@nested=\count286
\ALG@tlm=\skip62
\ALG@thistlm=\skip63
\c@ALG@Lnr=\count287
\c@ALG@blocknr=\count288
\c@ALG@storecount=\count289
\c@ALG@tmpcounter=\count290
\ALG@tmplength=\skip64
) (/usr/local/texlive/2021/texmf-dist/tex/latex/doublestroke/dsfont.sty
Package: dsfont 1995/08/01 v0.1 Double stroke roman fonts
) (/usr/local/texlive/2021/texmf-dist/tex/latex/listings/listings.sty
\lst@mode=\count291
\lst@gtempboxa=\box58
\lst@token=\toks33
\lst@length=\count292
\lst@currlwidth=\dimen178
\lst@column=\count293
\lst@pos=\count294
\lst@lostspace=\dimen179
\lst@width=\dimen180
\lst@newlines=\count295
\lst@lineno=\count296
\lst@maxwidth=\dimen181
 (/usr/local/texlive/2021/texmf-dist/tex/latex/listings/lstmisc.sty
File: lstmisc.sty 2020/03/24 1.8d (Carsten Heinz)
\c@lstnumber=\count297
\lst@skipnumbers=\count298
\lst@framebox=\box59
) (/usr/local/texlive/2021/texmf-dist/tex/latex/listings/listings.cfg
File: listings.cfg 2020/03/24 1.8d listings configuration
))
Package: listings 2020/03/24 1.8d (Carsten Heinz)
 (/usr/local/texlive/2021/texmf-dist/tex/latex/tools/xspace.sty
Package: xspace 2014/10/28 v1.13 Space after command names (DPC,MH)
) (/usr/local/texlive/2021/texmf-dist/tex/latex/algorithms/algorithm.sty
Package: algorithm 2009/08/24 v0.1 Document Style `algorithm' - floating environment
\@float@every@algorithm=\toks34
\c@algorithm=\count299
) (/usr/local/texlive/2021/texmf-dist/tex/latex/algorithmicx/algpseudocode.sty
Package: algpseudocode 

Document Style - pseudocode environments for use with the `algorithmicx' style
) (/usr/local/texlive/2021/texmf-dist/tex/latex/sidecap/sidecap.sty
Package: sidecap 2003/06/06 v1.6f SideCap Package (RN/HjG)
\SC@BOXWD=\dimen182
\SC@CAPWD=\dimen183
\SC@tempdima=\dimen184
\SC@tempdimb=\dimen185
\c@SC@C=\count300
\SC@BOX=\box60
) (/usr/local/texlive/2021/texmf-dist/tex/latex/matlab-prettifier/matlab-prettifier.sty
Package: matlab-prettifier 2014/06/19 v0.3 A package for prettyprinting Matlab source code
 (/usr/local/texlive/2021/texmf-dist/tex/latex/base/textcomp.sty
Package: textcomp 2020/02/02 v2.0n Standard LaTeX package
) (/usr/local/texlive/2021/texmf-dist/tex/latex/xcolor/xcolor.sty
Package: xcolor 2016/05/11 v2.12 LaTeX color extensions (UK)
 (/usr/local/texlive/2021/texmf-dist/tex/latex/graphics-cfg/color.cfg
File: color.cfg 2016/01/02 v1.6 sample color configuration
)
Package xcolor Info: Driver file: pdftex.def on input line 225.
LaTeX Info: Redefining \color on input line 709.
Package xcolor Info: Model `cmy' substituted by `cmy0' on input line 1348.
Package xcolor Info: Model `hsb' substituted by `rgb' on input line 1352.
Package xcolor Info: Model `RGB' extended on input line 1364.
Package xcolor Info: Model `HTML' substituted by `rgb' on input line 1366.
Package xcolor Info: Model `Hsb' substituted by `hsb' on input line 1367.
Package xcolor Info: Model `tHsb' substituted by `hsb' on input line 1368.
Package xcolor Info: Model `HSB' substituted by `hsb' on input line 1369.
Package xcolor Info: Model `Gray' substituted by `gray' on input line 1370.
Package xcolor Info: Model `wave' substituted by `hsb' on input line 1371.
)
\netBracketCount@mlpr=\count301
\blkLvl@mlpr=\count302
\blkLvlAtClassdef@mlpr=\count303
\emHeight@mlpr=\skip65
\jayDepth@mlpr=\skip66
\sectionRuleOffset@mlpr=\skip67
\toks@mlpr=\toks35
) (/usr/local/texlive/2021/texmf-dist/tex/latex/pythonhighlight/pythonhighlight.sty
Package: pythonhighlight 2017/02/09 python code highlighting; provided by Olivier Verdier <olivier.verdier@gmail.com>
) (/usr/local/texlive/2021/texmf-dist/tex/latex/multirow/multirow.sty
Package: multirow 2021/03/15 v2.8 Span multiple rows of a table
\multirow@colwidth=\skip68
\multirow@cntb=\count304
\multirow@dima=\skip69
\bigstrutjot=\dimen186
) (/usr/local/texlive/2021/texmf-dist/tex/latex/pgf/frontendlayer/tikz.sty (/usr/local/texlive/2021/texmf-dist/tex/latex/pgf/basiclayer/pgf.sty (/usr/local/texlive/2021/texmf-dist/tex/latex/pgf/utilities/pgfrcs.sty (/usr/local/texlive/2021/texmf-dist/tex/generic/pgf/utilities/pgfutil-common.tex
\pgfutil@everybye=\toks36
\pgfutil@tempdima=\dimen187
\pgfutil@tempdimb=\dimen188
 (/usr/local/texlive/2021/texmf-dist/tex/generic/pgf/utilities/pgfutil-common-lists.tex)) (/usr/local/texlive/2021/texmf-dist/tex/generic/pgf/utilities/pgfutil-latex.def
\pgfutil@abb=\box61
) (/usr/local/texlive/2021/texmf-dist/tex/generic/pgf/utilities/pgfrcs.code.tex (/usr/local/texlive/2021/texmf-dist/tex/generic/pgf/pgf.revision.tex)
Package: pgfrcs 2021/05/15 v3.1.9a (3.1.9a)
))
Package: pgf 2021/05/15 v3.1.9a (3.1.9a)
 (/usr/local/texlive/2021/texmf-dist/tex/latex/pgf/basiclayer/pgfcore.sty (/usr/local/texlive/2021/texmf-dist/tex/latex/pgf/systemlayer/pgfsys.sty (/usr/local/texlive/2021/texmf-dist/tex/generic/pgf/systemlayer/pgfsys.code.tex
Package: pgfsys 2021/05/15 v3.1.9a (3.1.9a)
 (/usr/local/texlive/2021/texmf-dist/tex/generic/pgf/utilities/pgfkeys.code.tex
\pgfkeys@pathtoks=\toks37
\pgfkeys@temptoks=\toks38
 (/usr/local/texlive/2021/texmf-dist/tex/generic/pgf/utilities/pgfkeysfiltered.code.tex
\pgfkeys@tmptoks=\toks39
))
\pgf@x=\dimen189
\pgf@y=\dimen190
\pgf@xa=\dimen191
\pgf@ya=\dimen192
\pgf@xb=\dimen193
\pgf@yb=\dimen194
\pgf@xc=\dimen195
\pgf@yc=\dimen196
\pgf@xd=\dimen197
\pgf@yd=\dimen198
\w@pgf@writea=\write3
\r@pgf@reada=\read2
\c@pgf@counta=\count305
\c@pgf@countb=\count306
\c@pgf@countc=\count307
\c@pgf@countd=\count308
\t@pgf@toka=\toks40
\t@pgf@tokb=\toks41
\t@pgf@tokc=\toks42
\pgf@sys@id@count=\count309
 (/usr/local/texlive/2021/texmf-dist/tex/generic/pgf/systemlayer/pgf.cfg
File: pgf.cfg 2021/05/15 v3.1.9a (3.1.9a)
)
Driver file for pgf: pgfsys-pdftex.def
 (/usr/local/texlive/2021/texmf-dist/tex/generic/pgf/systemlayer/pgfsys-pdftex.def
File: pgfsys-pdftex.def 2021/05/15 v3.1.9a (3.1.9a)
 (/usr/local/texlive/2021/texmf-dist/tex/generic/pgf/systemlayer/pgfsys-common-pdf.def
File: pgfsys-common-pdf.def 2021/05/15 v3.1.9a (3.1.9a)
))) (/usr/local/texlive/2021/texmf-dist/tex/generic/pgf/systemlayer/pgfsyssoftpath.code.tex
File: pgfsyssoftpath.code.tex 2021/05/15 v3.1.9a (3.1.9a)
\pgfsyssoftpath@smallbuffer@items=\count310
\pgfsyssoftpath@bigbuffer@items=\count311
) (/usr/local/texlive/2021/texmf-dist/tex/generic/pgf/systemlayer/pgfsysprotocol.code.tex
File: pgfsysprotocol.code.tex 2021/05/15 v3.1.9a (3.1.9a)
)) (/usr/local/texlive/2021/texmf-dist/tex/generic/pgf/basiclayer/pgfcore.code.tex
Package: pgfcore 2021/05/15 v3.1.9a (3.1.9a)
 (/usr/local/texlive/2021/texmf-dist/tex/generic/pgf/math/pgfmath.code.tex (/usr/local/texlive/2021/texmf-dist/tex/generic/pgf/math/pgfmathcalc.code.tex (/usr/local/texlive/2021/texmf-dist/tex/generic/pgf/math/pgfmathutil.code.tex) (/usr/local/texlive/2021/texmf-dist/tex/generic/pgf/math/pgfmathparser.code.tex
\pgfmath@dimen=\dimen199
\pgfmath@count=\count312
\pgfmath@box=\box62
\pgfmath@toks=\toks43
\pgfmath@stack@operand=\toks44
\pgfmath@stack@operation=\toks45
) (/usr/local/texlive/2021/texmf-dist/tex/generic/pgf/math/pgfmathfunctions.code.tex (/usr/local/texlive/2021/texmf-dist/tex/generic/pgf/math/pgfmathfunctions.basic.code.tex) (/usr/local/texlive/2021/texmf-dist/tex/generic/pgf/math/pgfmathfunctions.trigonometric.code.tex) (/usr/local/texlive/2021/texmf-dist/tex/generic/pgf/math/pgfmathfunctions.random.code.tex) (/usr/local/texlive/2021/texmf-dist/tex/generic/pgf/math/pgfmathfunctions.comparison.code.tex) (/usr/local/texlive/2021/texmf-dist/tex/generic/pgf/math/pgfmathfunctions.base.code.tex) (/usr/local/texlive/2021/texmf-dist/tex/generic/pgf/math/pgfmathfunctions.round.code.tex) (/usr/local/texlive/2021/texmf-dist/tex/generic/pgf/math/pgfmathfunctions.misc.code.tex) (/usr/local/texlive/2021/texmf-dist/tex/generic/pgf/math/pgfmathfunctions.integerarithmetics.code.tex))) (/usr/local/texlive/2021/texmf-dist/tex/generic/pgf/math/pgfmathfloat.code.tex
\c@pgfmathroundto@lastzeros=\count313
)) (/usr/local/texlive/2021/texmf-dist/tex/generic/pgf/math/pgfint.code.tex) (/usr/local/texlive/2021/texmf-dist/tex/generic/pgf/basiclayer/pgfcorepoints.code.tex
File: pgfcorepoints.code.tex 2021/05/15 v3.1.9a (3.1.9a)
\pgf@picminx=\dimen256
\pgf@picmaxx=\dimen257
\pgf@picminy=\dimen258
\pgf@picmaxy=\dimen259
\pgf@pathminx=\dimen260
\pgf@pathmaxx=\dimen261
\pgf@pathminy=\dimen262
\pgf@pathmaxy=\dimen263
\pgf@xx=\dimen264
\pgf@xy=\dimen265
\pgf@yx=\dimen266
\pgf@yy=\dimen267
\pgf@zx=\dimen268
\pgf@zy=\dimen269
) (/usr/local/texlive/2021/texmf-dist/tex/generic/pgf/basiclayer/pgfcorepathconstruct.code.tex
File: pgfcorepathconstruct.code.tex 2021/05/15 v3.1.9a (3.1.9a)
\pgf@path@lastx=\dimen270
\pgf@path@lasty=\dimen271
) (/usr/local/texlive/2021/texmf-dist/tex/generic/pgf/basiclayer/pgfcorepathusage.code.tex
File: pgfcorepathusage.code.tex 2021/05/15 v3.1.9a (3.1.9a)
\pgf@shorten@end@additional=\dimen272
\pgf@shorten@start@additional=\dimen273
) (/usr/local/texlive/2021/texmf-dist/tex/generic/pgf/basiclayer/pgfcorescopes.code.tex
File: pgfcorescopes.code.tex 2021/05/15 v3.1.9a (3.1.9a)
\pgfpic=\box63
\pgf@hbox=\box64
\pgf@layerbox@main=\box65
\pgf@picture@serial@count=\count314
) (/usr/local/texlive/2021/texmf-dist/tex/generic/pgf/basiclayer/pgfcoregraphicstate.code.tex
File: pgfcoregraphicstate.code.tex 2021/05/15 v3.1.9a (3.1.9a)
\pgflinewidth=\dimen274
) (/usr/local/texlive/2021/texmf-dist/tex/generic/pgf/basiclayer/pgfcoretransformations.code.tex
File: pgfcoretransformations.code.tex 2021/05/15 v3.1.9a (3.1.9a)
\pgf@pt@x=\dimen275
\pgf@pt@y=\dimen276
\pgf@pt@temp=\dimen277
) (/usr/local/texlive/2021/texmf-dist/tex/generic/pgf/basiclayer/pgfcorequick.code.tex
File: pgfcorequick.code.tex 2021/05/15 v3.1.9a (3.1.9a)
) (/usr/local/texlive/2021/texmf-dist/tex/generic/pgf/basiclayer/pgfcoreobjects.code.tex
File: pgfcoreobjects.code.tex 2021/05/15 v3.1.9a (3.1.9a)
) (/usr/local/texlive/2021/texmf-dist/tex/generic/pgf/basiclayer/pgfcorepathprocessing.code.tex
File: pgfcorepathprocessing.code.tex 2021/05/15 v3.1.9a (3.1.9a)
) (/usr/local/texlive/2021/texmf-dist/tex/generic/pgf/basiclayer/pgfcorearrows.code.tex
File: pgfcorearrows.code.tex 2021/05/15 v3.1.9a (3.1.9a)
\pgfarrowsep=\dimen278
) (/usr/local/texlive/2021/texmf-dist/tex/generic/pgf/basiclayer/pgfcoreshade.code.tex
File: pgfcoreshade.code.tex 2021/05/15 v3.1.9a (3.1.9a)
\pgf@max=\dimen279
\pgf@sys@shading@range@num=\count315
\pgf@shadingcount=\count316
) (/usr/local/texlive/2021/texmf-dist/tex/generic/pgf/basiclayer/pgfcoreimage.code.tex
File: pgfcoreimage.code.tex 2021/05/15 v3.1.9a (3.1.9a)
 (/usr/local/texlive/2021/texmf-dist/tex/generic/pgf/basiclayer/pgfcoreexternal.code.tex
File: pgfcoreexternal.code.tex 2021/05/15 v3.1.9a (3.1.9a)
\pgfexternal@startupbox=\box66
)) (/usr/local/texlive/2021/texmf-dist/tex/generic/pgf/basiclayer/pgfcorelayers.code.tex
File: pgfcorelayers.code.tex 2021/05/15 v3.1.9a (3.1.9a)
) (/usr/local/texlive/2021/texmf-dist/tex/generic/pgf/basiclayer/pgfcoretransparency.code.tex
File: pgfcoretransparency.code.tex 2021/05/15 v3.1.9a (3.1.9a)
) (/usr/local/texlive/2021/texmf-dist/tex/generic/pgf/basiclayer/pgfcorepatterns.code.tex
File: pgfcorepatterns.code.tex 2021/05/15 v3.1.9a (3.1.9a)
) (/usr/local/texlive/2021/texmf-dist/tex/generic/pgf/basiclayer/pgfcorerdf.code.tex
File: pgfcorerdf.code.tex 2021/05/15 v3.1.9a (3.1.9a)
))) (/usr/local/texlive/2021/texmf-dist/tex/generic/pgf/modules/pgfmoduleshapes.code.tex
File: pgfmoduleshapes.code.tex 2021/05/15 v3.1.9a (3.1.9a)
\pgfnodeparttextbox=\box67
) (/usr/local/texlive/2021/texmf-dist/tex/generic/pgf/modules/pgfmoduleplot.code.tex
File: pgfmoduleplot.code.tex 2021/05/15 v3.1.9a (3.1.9a)
) (/usr/local/texlive/2021/texmf-dist/tex/latex/pgf/compatibility/pgfcomp-version-0-65.sty
Package: pgfcomp-version-0-65 2021/05/15 v3.1.9a (3.1.9a)
\pgf@nodesepstart=\dimen280
\pgf@nodesepend=\dimen281
) (/usr/local/texlive/2021/texmf-dist/tex/latex/pgf/compatibility/pgfcomp-version-1-18.sty
Package: pgfcomp-version-1-18 2021/05/15 v3.1.9a (3.1.9a)
)) (/usr/local/texlive/2021/texmf-dist/tex/latex/pgf/utilities/pgffor.sty (/usr/local/texlive/2021/texmf-dist/tex/latex/pgf/utilities/pgfkeys.sty (/usr/local/texlive/2021/texmf-dist/tex/generic/pgf/utilities/pgfkeys.code.tex)) (/usr/local/texlive/2021/texmf-dist/tex/latex/pgf/math/pgfmath.sty (/usr/local/texlive/2021/texmf-dist/tex/generic/pgf/math/pgfmath.code.tex)) (/usr/local/texlive/2021/texmf-dist/tex/generic/pgf/utilities/pgffor.code.tex
Package: pgffor 2021/05/15 v3.1.9a (3.1.9a)
 (/usr/local/texlive/2021/texmf-dist/tex/generic/pgf/math/pgfmath.code.tex)
\pgffor@iter=\dimen282
\pgffor@skip=\dimen283
\pgffor@stack=\toks46
\pgffor@toks=\toks47
)) (/usr/local/texlive/2021/texmf-dist/tex/generic/pgf/frontendlayer/tikz/tikz.code.tex
Package: tikz 2021/05/15 v3.1.9a (3.1.9a)
 (/usr/local/texlive/2021/texmf-dist/tex/generic/pgf/libraries/pgflibraryplothandlers.code.tex
File: pgflibraryplothandlers.code.tex 2021/05/15 v3.1.9a (3.1.9a)
\pgf@plot@mark@count=\count317
\pgfplotmarksize=\dimen284
)
\tikz@lastx=\dimen285
\tikz@lasty=\dimen286
\tikz@lastxsaved=\dimen287
\tikz@lastysaved=\dimen288
\tikz@lastmovetox=\dimen289
\tikz@lastmovetoy=\dimen290
\tikzleveldistance=\dimen291
\tikzsiblingdistance=\dimen292
\tikz@figbox=\box68
\tikz@figbox@bg=\box69
\tikz@tempbox=\box70
\tikz@tempbox@bg=\box71
\tikztreelevel=\count318
\tikznumberofchildren=\count319
\tikznumberofcurrentchild=\count320
\tikz@fig@count=\count321
 (/usr/local/texlive/2021/texmf-dist/tex/generic/pgf/modules/pgfmodulematrix.code.tex
File: pgfmodulematrix.code.tex 2021/05/15 v3.1.9a (3.1.9a)
\pgfmatrixcurrentrow=\count322
\pgfmatrixcurrentcolumn=\count323
\pgf@matrix@numberofcolumns=\count324
)
\tikz@expandcount=\count325
 (/usr/local/texlive/2021/texmf-dist/tex/generic/pgf/frontendlayer/tikz/libraries/tikzlibrarytopaths.code.tex
File: tikzlibrarytopaths.code.tex 2021/05/15 v3.1.9a (3.1.9a)
))) (/usr/local/texlive/2021/texmf-dist/tex/latex/tools/bm.sty
Package: bm 2021/04/25 v1.2e Bold Symbol Support (DPC/FMi)
\symboldoperators=\mathgroup7
\symboldletters=\mathgroup8
\symboldsymbols=\mathgroup9
Package bm Info: No bold for \OMX/cmex/m/n, using \pmb.
\symboldlasy=\mathgroup10
Package bm Info: No bold for \U/msa/m/n, using \pmb.
Package bm Info: No bold for \U/msb/m/n, using \pmb.
LaTeX Font Info:    Redeclaring math alphabet \mathbf on input line 149.
) (/usr/local/texlive/2021/texmf-dist/tex/latex/caption/subcaption.sty
Package: subcaption 2020/10/07 v1.3j Sub-captions (AR)
\c@subfigure=\count326
\c@subtable=\count327
) (/usr/local/texlive/2021/texmf-dist/tex/latex/l3backend/l3backend-pdftex.def
File: l3backend-pdftex.def 2021-05-07 L3 backend support: PDF output (pdfTeX)
\l__color_backend_stack_int=\count328
\l__pdf_internal_box=\box72
) (./Report.aux)
\openout1 = `Report.aux'.

LaTeX Font Info:    Checking defaults for OML/cmm/m/it on input line 69.
LaTeX Font Info:    ... okay on input line 69.
LaTeX Font Info:    Checking defaults for OMS/cmsy/m/n on input line 69.
LaTeX Font Info:    ... okay on input line 69.
LaTeX Font Info:    Checking defaults for OT1/cmr/m/n on input line 69.
LaTeX Font Info:    ... okay on input line 69.
LaTeX Font Info:    Checking defaults for T1/cmr/m/n on input line 69.
LaTeX Font Info:    ... okay on input line 69.
LaTeX Font Info:    Checking defaults for TS1/cmr/m/n on input line 69.
LaTeX Font Info:    ... okay on input line 69.
LaTeX Font Info:    Checking defaults for OMX/cmex/m/n on input line 69.
LaTeX Font Info:    ... okay on input line 69.
LaTeX Font Info:    Checking defaults for U/cmr/m/n on input line 69.
LaTeX Font Info:    ... okay on input line 69.
LaTeX Font Info:    Checking defaults for PD1/pdf/m/n on input line 69.
LaTeX Font Info:    ... okay on input line 69.
LaTeX Font Info:    Checking defaults for PU/pdf/m/n on input line 69.
LaTeX Font Info:    ... okay on input line 69.
Package caption Info: Begin \AtBeginDocument code.
Package caption Info: float package is loaded.
Package caption Info: hyperref package is loaded.
Package caption Info: listings package is loaded.
Package caption Info: sidecap package is loaded.
Package caption Info: End \AtBeginDocument code.

*geometry* driver: auto-detecting
*geometry* detected driver: pdftex
*geometry* verbose mode - [ preamble ] result:
* driver: pdftex
* paper: <default>
* layout: <same size as paper>
* layoutoffset:(h,v)=(0.0pt,0.0pt)
* modes: 
* h-part:(L,W,R)=(72.26999pt, 469.75502pt, 72.26999pt)
* v-part:(T,H,B)=(72.26999pt, 650.43001pt, 72.26999pt)
* \paperwidth=614.295pt
* \paperheight=794.96999pt
* \textwidth=469.75502pt
* \textheight=650.43001pt
* \oddsidemargin=0.0pt
* \evensidemargin=0.0pt
* \topmargin=-37.0pt
* \headheight=12.0pt
* \headsep=25.0pt
* \topskip=11.0pt
* \footskip=30.0pt
* \marginparwidth=59.0pt
* \marginparsep=10.0pt
* \columnsep=10.0pt
* \skip\footins=10.0pt plus 4.0pt minus 2.0pt
* \hoffset=0.0pt
* \voffset=0.0pt
* \mag=1000
* \@twocolumnfalse
* \@twosidefalse
* \@mparswitchfalse
* \@reversemarginfalse
* (1in=72.27pt=25.4mm, 1cm=28.453pt)

(/usr/local/texlive/2021/texmf-dist/tex/context/base/mkii/supp-pdf.mkii
[Loading MPS to PDF converter (version 2006.09.02).]
\scratchcounter=\count329
\scratchdimen=\dimen293
\scratchbox=\box73
\nofMPsegments=\count330
\nofMParguments=\count331
\everyMPshowfont=\toks48
\MPscratchCnt=\count332
\MPscratchDim=\dimen294
\MPnumerator=\count333
\makeMPintoPDFobject=\count334
\everyMPtoPDFconversion=\toks49
) (/usr/local/texlive/2021/texmf-dist/tex/latex/epstopdf-pkg/epstopdf-base.sty
Package: epstopdf-base 2020-01-24 v2.11 Base part for package epstopdf
Package epstopdf-base Info: Redefining graphics rule for `.eps' on input line 485.
 (/usr/local/texlive/2021/texmf-dist/tex/latex/latexconfig/epstopdf-sys.cfg
File: epstopdf-sys.cfg 2010/07/13 v1.3 Configuration of (r)epstopdf for TeX Live
))
Package hyperref Info: Link coloring ON on input line 69.
 (/usr/local/texlive/2021/texmf-dist/tex/latex/hyperref/nameref.sty
Package: nameref 2021-04-02 v2.47 Cross-referencing by name of section
 (/usr/local/texlive/2021/texmf-dist/tex/latex/refcount/refcount.sty
Package: refcount 2019/12/15 v3.6 Data extraction from label references (HO)
) (/usr/local/texlive/2021/texmf-dist/tex/generic/gettitlestring/gettitlestring.sty
Package: gettitlestring 2019/12/15 v1.6 Cleanup title references (HO)
)
\c@section@level=\count335
)
LaTeX Info: Redefining \ref on input line 69.
LaTeX Info: Redefining \pageref on input line 69.
LaTeX Info: Redefining \nameref on input line 69.
 (./Report.out) (./Report.out)
\@outlinefile=\write4
\openout4 = `Report.out'.

\c@lstlisting=\count336
 (/usr/local/texlive/2021/texmf-dist/tex/latex/ragged2e/ragged2e.sty
Package: ragged2e 2021/02/05 v3.0 ragged2e Package
\CenteringLeftskip=\skip70
\RaggedLeftLeftskip=\skip71
\RaggedRightLeftskip=\skip72
\CenteringRightskip=\skip73
\RaggedLeftRightskip=\skip74
\RaggedRightRightskip=\skip75
\CenteringParfillskip=\skip76
\RaggedLeftParfillskip=\skip77
\RaggedRightParfillskip=\skip78
\JustifyingParfillskip=\skip79
\CenteringParindent=\skip80
\RaggedLeftParindent=\skip81
\RaggedRightParindent=\skip82
\JustifyingParindent=\skip83
)
LaTeX Font Info:    Trying to load font information for U+lasy on input line 84.
 (/usr/local/texlive/2021/texmf-dist/tex/latex/base/ulasy.fd
File: ulasy.fd 1998/08/17 v2.2e LaTeX symbol font definitions
)
LaTeX Font Info:    Trying to load font information for U+msa on input line 84.
 (/usr/local/texlive/2021/texmf-dist/tex/latex/amsfonts/umsa.fd
File: umsa.fd 2013/01/14 v3.01 AMS symbols A
)
LaTeX Font Info:    Trying to load font information for U+msb on input line 84.
 (/usr/local/texlive/2021/texmf-dist/tex/latex/amsfonts/umsb.fd
File: umsb.fd 2013/01/14 v3.01 AMS symbols B
)
LaTeX Font Info:    Font shape `U/lasy/b/n' in size <8> not available
(Font)              Font shape `U/lasy/m/n' tried instead on input line 84.
LaTeX Font Info:    Font shape `U/lasy/b/n' in size <6> not available
(Font)              Font shape `U/lasy/m/n' tried instead on input line 84.
</Users/utkarsh/NYU/Monte Carlo Methods/Homeworks/homework5/LatexReport/Histogram_Overdamped_notM_h_0d125_Samples_760000_beta_0d2_L_5.png, id=7, 462.528pt x 346.896pt>
File: /Users/utkarsh/NYU/Monte Carlo Methods/Homeworks/homework5/LatexReport/Histogram_Overdamped_notM_h_0d125_Samples_760000_beta_0d2_L_5.png Graphic file (type png)
<use /Users/utkarsh/NYU/Monte Carlo Methods/Homeworks/homework5/LatexReport/Histogram_Overdamped_notM_h_0d125_Samples_760000_beta_0d2_L_5.png>
Package pdftex.def Info: /Users/utkarsh/NYU/Monte Carlo Methods/Homeworks/homework5/LatexReport/Histogram_Overdamped_notM_h_0d125_Samples_760000_beta_0d2_L_5.png  used on input line 125.
(pdftex.def)             Requested size: 462.52686pt x 346.89514pt.
</Users/utkarsh/NYU/Monte Carlo Methods/Homeworks/homework5/LatexReport/Histogram_Overdamped_M_h_0d125_Samples_760000_beta_0d2_L_5.png, id=9, 462.528pt x 346.896pt>
File: /Users/utkarsh/NYU/Monte Carlo Methods/Homeworks/homework5/LatexReport/Histogram_Overdamped_M_h_0d125_Samples_760000_beta_0d2_L_5.png Graphic file (type png)
<use /Users/utkarsh/NYU/Monte Carlo Methods/Homeworks/homework5/LatexReport/Histogram_Overdamped_M_h_0d125_Samples_760000_beta_0d2_L_5.png>
Package pdftex.def Info: /Users/utkarsh/NYU/Monte Carlo Methods/Homeworks/homework5/LatexReport/Histogram_Overdamped_M_h_0d125_Samples_760000_beta_0d2_L_5.png  used on input line 129.
(pdftex.def)             Requested size: 462.52686pt x 346.89514pt.
 [1

{/usr/local/texlive/2021/texmf-var/fonts/map/pdftex/updmap/pdftex.map}]
LaTeX Font Info:    Trying to load font information for TS1+cmss on input line 143.
 (/usr/local/texlive/2021/texmf-dist/tex/latex/base/ts1cmss.fd
File: ts1cmss.fd 2019/12/16 v2.5j Standard LaTeX font definitions
)
</Users/utkarsh/NYU/Monte Carlo Methods/Homeworks/homework5/LatexReport/Overdamped_Mean_IAT__h_0d5_L5.png, id=26, 462.528pt x 346.896pt>
File: /Users/utkarsh/NYU/Monte Carlo Methods/Homeworks/homework5/LatexReport/Overdamped_Mean_IAT__h_0d5_L5.png Graphic file (type png)
<use /Users/utkarsh/NYU/Monte Carlo Methods/Homeworks/homework5/LatexReport/Overdamped_Mean_IAT__h_0d5_L5.png>
Package pdftex.def Info: /Users/utkarsh/NYU/Monte Carlo Methods/Homeworks/homework5/LatexReport/Overdamped_Mean_IAT__h_0d5_L5.png  used on input line 156.
(pdftex.def)             Requested size: 462.52686pt x 346.89514pt.
LaTeX Font Info:    Font shape `U/lasy/b/n' in size <5> not available
(Font)              Font shape `U/lasy/m/n' tried instead on input line 157.
</Users/utkarsh/NYU/Monte Carlo Methods/Homeworks/homework5/LatexReport/Overdamped_Mean_IAT__h_0d25_L5.png, id=27, 462.528pt x 346.896pt>
File: /Users/utkarsh/NYU/Monte Carlo Methods/Homeworks/homework5/LatexReport/Overdamped_Mean_IAT__h_0d25_L5.png Graphic file (type png)
<use /Users/utkarsh/NYU/Monte Carlo Methods/Homeworks/homework5/LatexReport/Overdamped_Mean_IAT__h_0d25_L5.png>
Package pdftex.def Info: /Users/utkarsh/NYU/Monte Carlo Methods/Homeworks/homework5/LatexReport/Overdamped_Mean_IAT__h_0d25_L5.png  used on input line 160.
(pdftex.def)             Requested size: 462.52686pt x 346.89514pt.
</Users/utkarsh/NYU/Monte Carlo Methods/Homeworks/homework5/LatexReport/Overdamped_Mean_IAT__h_0d125_L5.png, id=28, 462.528pt x 346.896pt>
File: /Users/utkarsh/NYU/Monte Carlo Methods/Homeworks/homework5/LatexReport/Overdamped_Mean_IAT__h_0d125_L5.png Graphic file (type png)
<use /Users/utkarsh/NYU/Monte Carlo Methods/Homeworks/homework5/LatexReport/Overdamped_Mean_IAT__h_0d125_L5.png>
Package pdftex.def Info: /Users/utkarsh/NYU/Monte Carlo Methods/Homeworks/homework5/LatexReport/Overdamped_Mean_IAT__h_0d125_L5.png  used on input line 164.
(pdftex.def)             Requested size: 462.52686pt x 346.89514pt.
</Users/utkarsh/NYU/Monte Carlo Methods/Homeworks/homework5/LatexReport/Overdamped_Mean_IAT__h_0d5_L10.png, id=29, 462.528pt x 346.896pt>
File: /Users/utkarsh/NYU/Monte Carlo Methods/Homeworks/homework5/LatexReport/Overdamped_Mean_IAT__h_0d5_L10.png Graphic file (type png)
<use /Users/utkarsh/NYU/Monte Carlo Methods/Homeworks/homework5/LatexReport/Overdamped_Mean_IAT__h_0d5_L10.png>
Package pdftex.def Info: /Users/utkarsh/NYU/Monte Carlo Methods/Homeworks/homework5/LatexReport/Overdamped_Mean_IAT__h_0d5_L10.png  used on input line 170.
(pdftex.def)             Requested size: 462.52686pt x 346.89514pt.
</Users/utkarsh/NYU/Monte Carlo Methods/Homeworks/homework5/LatexReport/Overdamped_Mean_IAT__h_0d25_L10.png, id=30, 462.528pt x 346.896pt>
File: /Users/utkarsh/NYU/Monte Carlo Methods/Homeworks/homework5/LatexReport/Overdamped_Mean_IAT__h_0d25_L10.png Graphic file (type png)
<use /Users/utkarsh/NYU/Monte Carlo Methods/Homeworks/homework5/LatexReport/Overdamped_Mean_IAT__h_0d25_L10.png>
Package pdftex.def Info: /Users/utkarsh/NYU/Monte Carlo Methods/Homeworks/homework5/LatexReport/Overdamped_Mean_IAT__h_0d25_L10.png  used on input line 174.
(pdftex.def)             Requested size: 462.52686pt x 346.89514pt.
</Users/utkarsh/NYU/Monte Carlo Methods/Homeworks/homework5/LatexReport/Overdamped_Mean_IAT__h_0d125_L10.png, id=31, 462.528pt x 346.896pt>
File: /Users/utkarsh/NYU/Monte Carlo Methods/Homeworks/homework5/LatexReport/Overdamped_Mean_IAT__h_0d125_L10.png Graphic file (type png)
<use /Users/utkarsh/NYU/Monte Carlo Methods/Homeworks/homework5/LatexReport/Overdamped_Mean_IAT__h_0d125_L10.png>
Package pdftex.def Info: /Users/utkarsh/NYU/Monte Carlo Methods/Homeworks/homework5/LatexReport/Overdamped_Mean_IAT__h_0d125_L10.png  used on input line 178.
(pdftex.def)             Requested size: 462.52686pt x 346.89514pt.
</Users/utkarsh/NYU/Monte Carlo Methods/Homeworks/homework5/LatexReport/Overdamped_Mean_IAT__h_0d5_L15.png, id=32, 462.528pt x 346.896pt>
File: /Users/utkarsh/NYU/Monte Carlo Methods/Homeworks/homework5/LatexReport/Overdamped_Mean_IAT__h_0d5_L15.png Graphic file (type png)
<use /Users/utkarsh/NYU/Monte Carlo Methods/Homeworks/homework5/LatexReport/Overdamped_Mean_IAT__h_0d5_L15.png>
Package pdftex.def Info: /Users/utkarsh/NYU/Monte Carlo Methods/Homeworks/homework5/LatexReport/Overdamped_Mean_IAT__h_0d5_L15.png  used on input line 184.
(pdftex.def)             Requested size: 462.52686pt x 346.89514pt.
</Users/utkarsh/NYU/Monte Carlo Methods/Homeworks/homework5/LatexReport/Overdamped_Mean_IAT__h_0d25_L15.png, id=33, 462.528pt x 346.896pt>
File: /Users/utkarsh/NYU/Monte Carlo Methods/Homeworks/homework5/LatexReport/Overdamped_Mean_IAT__h_0d25_L15.png Graphic file (type png)
<use /Users/utkarsh/NYU/Monte Carlo Methods/Homeworks/homework5/LatexReport/Overdamped_Mean_IAT__h_0d25_L15.png>
Package pdftex.def Info: /Users/utkarsh/NYU/Monte Carlo Methods/Homeworks/homework5/LatexReport/Overdamped_Mean_IAT__h_0d25_L15.png  used on input line 188.
(pdftex.def)             Requested size: 462.52686pt x 346.89514pt.
</Users/utkarsh/NYU/Monte Carlo Methods/Homeworks/homework5/LatexReport/Overdamped_Mean_IAT__h_0d125_L15.png, id=34, 462.528pt x 346.896pt>
File: /Users/utkarsh/NYU/Monte Carlo Methods/Homeworks/homework5/LatexReport/Overdamped_Mean_IAT__h_0d125_L15.png Graphic file (type png)
<use /Users/utkarsh/NYU/Monte Carlo Methods/Homeworks/homework5/LatexReport/Overdamped_Mean_IAT__h_0d125_L15.png>
Package pdftex.def Info: /Users/utkarsh/NYU/Monte Carlo Methods/Homeworks/homework5/LatexReport/Overdamped_Mean_IAT__h_0d125_L15.png  used on input line 192.
(pdftex.def)             Requested size: 462.52686pt x 346.89514pt.
LaTeX Font Info:    Font shape `U/lasy/b/n' in size <9> not available
(Font)              Font shape `U/lasy/m/n' tried instead on input line 195.
 [2 </Users/utkarsh/NYU/Monte Carlo Methods/Homeworks/homework5/LatexReport/Histogram_Overdamped_notM_h_0d125_Samples_760000_beta_0d2_L_5.png> </Users/utkarsh/NYU/Monte Carlo Methods/Homeworks/homework5/LatexReport/Histogram_Overdamped_M_h_0d125_Samples_760000_beta_0d2_L_5.png>]
</Users/utkarsh/NYU/Monte Carlo Methods/Homeworks/homework5/LatexReport/Histogram_Hybrid_notM_h_0d125_Samples_800000_beta_0d2_L_10.png, id=47, 462.528pt x 346.896pt>
File: /Users/utkarsh/NYU/Monte Carlo Methods/Homeworks/homework5/LatexReport/Histogram_Hybrid_notM_h_0d125_Samples_800000_beta_0d2_L_10.png Graphic file (type png)
<use /Users/utkarsh/NYU/Monte Carlo Methods/Homeworks/homework5/LatexReport/Histogram_Hybrid_notM_h_0d125_Samples_800000_beta_0d2_L_10.png>
Package pdftex.def Info: /Users/utkarsh/NYU/Monte Carlo Methods/Homeworks/homework5/LatexReport/Histogram_Hybrid_notM_h_0d125_Samples_800000_beta_0d2_L_10.png  used on input line 215.
(pdftex.def)             Requested size: 462.52686pt x 346.89514pt.
</Users/utkarsh/NYU/Monte Carlo Methods/Homeworks/homework5/LatexReport/Histogram_Hybrid_M_h_0d125_Samples_800000_beta_0d2_L_10.png, id=48, 462.528pt x 346.896pt>
File: /Users/utkarsh/NYU/Monte Carlo Methods/Homeworks/homework5/LatexReport/Histogram_Hybrid_M_h_0d125_Samples_800000_beta_0d2_L_10.png Graphic file (type png)
<use /Users/utkarsh/NYU/Monte Carlo Methods/Homeworks/homework5/LatexReport/Histogram_Hybrid_M_h_0d125_Samples_800000_beta_0d2_L_10.png>
Package pdftex.def Info: /Users/utkarsh/NYU/Monte Carlo Methods/Homeworks/homework5/LatexReport/Histogram_Hybrid_M_h_0d125_Samples_800000_beta_0d2_L_10.png  used on input line 219.
(pdftex.def)             Requested size: 462.52686pt x 346.89514pt.
 [3 </Users/utkarsh/NYU/Monte Carlo Methods/Homeworks/homework5/LatexReport/Overdamped_Mean_IAT__h_0d5_L5.png> </Users/utkarsh/NYU/Monte Carlo Methods/Homeworks/homework5/LatexReport/Overdamped_Mean_IAT__h_0d25_L5.png> </Users/utkarsh/NYU/Monte Carlo Methods/Homeworks/homework5/LatexReport/Overdamped_Mean_IAT__h_0d125_L5.png> </Users/utkarsh/NYU/Monte Carlo Methods/Homeworks/homework5/LatexReport/Overdamped_Mean_IAT__h_0d5_L10.png> </Users/utkarsh/NYU/Monte Carlo Methods/Homeworks/homework5/LatexReport/Overdamped_Mean_IAT__h_0d25_L10.png> </Users/utkarsh/NYU/Monte Carlo Methods/Homeworks/homework5/LatexReport/Overdamped_Mean_IAT__h_0d125_L10.png> </Users/utkarsh/NYU/Monte Carlo Methods/Homeworks/homework5/LatexReport/Overdamped_Mean_IAT__h_0d5_L15.png> </Users/utkarsh/NYU/Monte Carlo Methods/Homeworks/homework5/LatexReport/Overdamped_Mean_IAT__h_0d25_L15.png> </Users/utkarsh/NYU/Monte Carlo Methods/Homeworks/homework5/LatexReport/Overdamped_Mean_IAT__h_0d125_L15.png>]
</Users/utkarsh/NYU/Monte Carlo Methods/Homeworks/homework5/LatexReport/Hybrid_Mean_IAT__h_0d5.png, id=65, 462.528pt x 346.896pt>
File: /Users/utkarsh/NYU/Monte Carlo Methods/Homeworks/homework5/LatexReport/Hybrid_Mean_IAT__h_0d5.png Graphic file (type png)
<use /Users/utkarsh/NYU/Monte Carlo Methods/Homeworks/homework5/LatexReport/Hybrid_Mean_IAT__h_0d5.png>
Package pdftex.def Info: /Users/utkarsh/NYU/Monte Carlo Methods/Homeworks/homework5/LatexReport/Hybrid_Mean_IAT__h_0d5.png  used on input line 232.
(pdftex.def)             Requested size: 462.52686pt x 346.89514pt.
</Users/utkarsh/NYU/Monte Carlo Methods/Homeworks/homework5/LatexReport/Hybrid_Mean_IAT__h_0d25.png, id=66, 462.528pt x 346.896pt>
File: /Users/utkarsh/NYU/Monte Carlo Methods/Homeworks/homework5/LatexReport/Hybrid_Mean_IAT__h_0d25.png Graphic file (type png)
<use /Users/utkarsh/NYU/Monte Carlo Methods/Homeworks/homework5/LatexReport/Hybrid_Mean_IAT__h_0d25.png>
Package pdftex.def Info: /Users/utkarsh/NYU/Monte Carlo Methods/Homeworks/homework5/LatexReport/Hybrid_Mean_IAT__h_0d25.png  used on input line 236.
(pdftex.def)             Requested size: 462.52686pt x 346.89514pt.
</Users/utkarsh/NYU/Monte Carlo Methods/Homeworks/homework5/LatexReport/Hybrid_Mean_IAT__h_0d125.png, id=67, 462.528pt x 346.896pt>
File: /Users/utkarsh/NYU/Monte Carlo Methods/Homeworks/homework5/LatexReport/Hybrid_Mean_IAT__h_0d125.png Graphic file (type png)
<use /Users/utkarsh/NYU/Monte Carlo Methods/Homeworks/homework5/LatexReport/Hybrid_Mean_IAT__h_0d125.png>
Package pdftex.def Info: /Users/utkarsh/NYU/Monte Carlo Methods/Homeworks/homework5/LatexReport/Hybrid_Mean_IAT__h_0d125.png  used on input line 240.
(pdftex.def)             Requested size: 462.52686pt x 346.89514pt.
 [4 </Users/utkarsh/NYU/Monte Carlo Methods/Homeworks/homework5/LatexReport/Histogram_Hybrid_notM_h_0d125_Samples_800000_beta_0d2_L_10.png> </Users/utkarsh/NYU/Monte Carlo Methods/Homeworks/homework5/LatexReport/Histogram_Hybrid_M_h_0d125_Samples_800000_beta_0d2_L_10.png> </Users/utkarsh/NYU/Monte Carlo Methods/Homeworks/homework5/LatexReport/Hybrid_Mean_IAT__h_0d5.png> </Users/utkarsh/NYU/Monte Carlo Methods/Homeworks/homework5/LatexReport/Hybrid_Mean_IAT__h_0d25.png> </Users/utkarsh/NYU/Monte Carlo Methods/Homeworks/homework5/LatexReport/Hybrid_Mean_IAT__h_0d125.png>]
</Users/utkarsh/NYU/Monte Carlo Methods/Homeworks/homework5/LatexReport/Underdamped_Mean_IAT__h_0d5.png, id=81, 462.528pt x 346.896pt>
File: /Users/utkarsh/NYU/Monte Carlo Methods/Homeworks/homework5/LatexReport/Underdamped_Mean_IAT__h_0d5.png Graphic file (type png)
<use /Users/utkarsh/NYU/Monte Carlo Methods/Homeworks/homework5/LatexReport/Underdamped_Mean_IAT__h_0d5.png>
Package pdftex.def Info: /Users/utkarsh/NYU/Monte Carlo Methods/Homeworks/homework5/LatexReport/Underdamped_Mean_IAT__h_0d5.png  used on input line 275.
(pdftex.def)             Requested size: 462.52686pt x 346.89514pt.
</Users/utkarsh/NYU/Monte Carlo Methods/Homeworks/homework5/LatexReport/Underdamped_Mean_IAT__h_0d25.png, id=82, 462.528pt x 346.896pt>
File: /Users/utkarsh/NYU/Monte Carlo Methods/Homeworks/homework5/LatexReport/Underdamped_Mean_IAT__h_0d25.png Graphic file (type png)
<use /Users/utkarsh/NYU/Monte Carlo Methods/Homeworks/homework5/LatexReport/Underdamped_Mean_IAT__h_0d25.png>
Package pdftex.def Info: /Users/utkarsh/NYU/Monte Carlo Methods/Homeworks/homework5/LatexReport/Underdamped_Mean_IAT__h_0d25.png  used on input line 279.
(pdftex.def)             Requested size: 462.52686pt x 346.89514pt.
</Users/utkarsh/NYU/Monte Carlo Methods/Homeworks/homework5/LatexReport/Underdamped_Mean_IAT__h_0d125.png, id=83, 462.528pt x 346.896pt>
File: /Users/utkarsh/NYU/Monte Carlo Methods/Homeworks/homework5/LatexReport/Underdamped_Mean_IAT__h_0d125.png Graphic file (type png)
<use /Users/utkarsh/NYU/Monte Carlo Methods/Homeworks/homework5/LatexReport/Underdamped_Mean_IAT__h_0d125.png>
Package pdftex.def Info: /Users/utkarsh/NYU/Monte Carlo Methods/Homeworks/homework5/LatexReport/Underdamped_Mean_IAT__h_0d125.png  used on input line 283.
(pdftex.def)             Requested size: 462.52686pt x 346.89514pt.


Package caption Warning: Unused \captionsetup[lstlisting] on input line 55.
See the caption package documentation for explanation.

[5 </Users/utkarsh/NYU/Monte Carlo Methods/Homeworks/homework5/LatexReport/Underdamped_Mean_IAT__h_0d5.png> </Users/utkarsh/NYU/Monte Carlo Methods/Homeworks/homework5/LatexReport/Underdamped_Mean_IAT__h_0d25.png> </Users/utkarsh/NYU/Monte Carlo Methods/Homeworks/homework5/LatexReport/Underdamped_Mean_IAT__h_0d125.png>] (./Report.aux)
Package rerunfilecheck Info: File `Report.out' has not changed.
(rerunfilecheck)             Checksum: D41D8CD98F00B204E9800998ECF8427E;0.
 ) 
Here is how much of TeX's memory you used:
 24324 strings out of 478536
 445144 string characters out of 5850220
 731386 words of memory out of 5000000
 41779 multiletter control sequences out of 15000+600000
 418844 words of font info for 86 fonts, out of 8000000 for 9000
 1141 hyphenation exceptions out of 8191
 84i,17n,83p,527b,542s stack positions out of 5000i,500n,10000p,200000b,80000s
{/usr/local/texlive/2021/texmf-dist/fonts/enc/dvips/cm-super/cm-super-ts1.enc}</usr/local/texlive/2021/texmf-dist/fonts/type1/public/amsfonts/cm/cmbx10.pfb></usr/local/texlive/2021/texmf-dist/fonts/type1/public/amsfonts/cm/cmex10.pfb></usr/local/texlive/2021/texmf-dist/fonts/type1/public/amsfonts/cm/cmmi10.pfb></usr/local/texlive/2021/texmf-dist/fonts/type1/public/amsfonts/cm/cmmi8.pfb></usr/local/texlive/2021/texmf-dist/fonts/type1/public/amsfonts/cm/cmmi9.pfb></usr/local/texlive/2021/texmf-dist/fonts/type1/public/amsfonts/cm/cmr10.pfb></usr/local/texlive/2021/texmf-dist/fonts/type1/public/amsfonts/cm/cmr8.pfb></usr/local/texlive/2021/texmf-dist/fonts/type1/public/amsfonts/cm/cmss10.pfb></usr/local/texlive/2021/texmf-dist/fonts/type1/public/amsfonts/cm/cmss8.pfb></usr/local/texlive/2021/texmf-dist/fonts/type1/public/amsfonts/cm/cmss9.pfb></usr/local/texlive/2021/texmf-dist/fonts/type1/public/amsfonts/cm/cmssbx10.pfb></usr/local/texlive/2021/texmf-dist/fonts/type1/public/amsfonts/cm/cmsy10.pfb></usr/local/texlive/2021/texmf-dist/fonts/type1/public/amsfonts/cm/cmsy8.pfb></usr/local/texlive/2021/texmf-dist/fonts/type1/public/cm-super/sfss1095.pfb>
Output written on Report.pdf (5 pages, 607120 bytes).
PDF statistics:
 156 PDF objects out of 1000 (max. 8388607)
 82 compressed objects within 1 object stream
 11 named destinations out of 1000 (max. 500000)
 108 words of extra memory for PDF output out of 10000 (max. 10000000)

