Requirement already satisfied: numpy in /Users/Shared/anaconda3/lib/python3.9/site-packages (1.21.5)
Requirement already satisfied: matplotlib in /Users/Shared/anaconda3/lib/python3.9/site-packages (3.5.2)
Requirement already satisfied: cycler>=0.10 in /Users/Shared/anaconda3/lib/python3.9/site-packages (from matplotlib) (0.11.0)
Requirement already satisfied: fonttools>=4.22.0 in /Users/Shared/anaconda3/lib/python3.9/site-packages (from matplotlib) (4.25.0)
Requirement already satisfied: packaging>=20.0 in /Users/Shared/anaconda3/lib/python3.9/site-packages (from matplotlib) (21.3)
Requirement already satisfied: python-dateutil>=2.7 in /Users/Shared/anaconda3/lib/python3.9/site-packages (from matplotlib) (2.8.2)
Requirement already satisfied: pillow>=6.2.0 in /Users/Shared/anaconda3/lib/python3.9/site-packages (from matplotlib) (9.2.0)
Requirement already satisfied: pyparsing>=2.2.1 in /Users/Shared/anaconda3/lib/python3.9/site-packages (from matplotlib) (3.0.9)
Requirement already satisfied: kiwisolver>=1.0.1 in /Users/Shared/anaconda3/lib/python3.9/site-packages (from matplotlib) (1.4.2)
Requirement already satisfied: numpy>=1.17 in /Users/Shared/anaconda3/lib/python3.9/site-packages (from matplotlib) (1.21.5)
Requirement already satisfied: six>=1.5 in /Users/Shared/anaconda3/lib/python3.9/site-packages (from python-dateutil>=2.7->matplotlib) (1.16.0)
Requirement already satisfied: joblib in /Users/Shared/anaconda3/lib/python3.9/site-packages (1.1.0)
Without resampling started
Requirement already satisfied: numpy in /Users/Shared/anaconda3/lib/python3.9/site-packages (1.21.5)
Requirement already satisfied: numpy in /Users/Shared/anaconda3/lib/python3.9/site-packages (1.21.5)
Requirement already satisfied: numpy in /Users/Shared/anaconda3/lib/python3.9/site-packages (1.21.5)
Requirement already satisfied: matplotlib in /Users/Shared/anaconda3/lib/python3.9/site-packages (3.5.2)
Requirement already satisfied: matplotlib in /Users/Shared/anaconda3/lib/python3.9/site-packages (3.5.2)
Requirement already satisfied: matplotlib in /Users/Shared/anaconda3/lib/python3.9/site-packages (3.5.2)
Requirement already satisfied: fonttools>=4.22.0 in /Users/Shared/anaconda3/lib/python3.9/site-packages (from matplotlib) (4.25.0)
Requirement already satisfied: cycler>=0.10 in /Users/Shared/anaconda3/lib/python3.9/site-packages (from matplotlib) (0.11.0)
Requirement already satisfied: pyparsing>=2.2.1 in /Users/Shared/anaconda3/lib/python3.9/site-packages (from matplotlib) (3.0.9)
Requirement already satisfied: cycler>=0.10 in /Users/Shared/anaconda3/lib/python3.9/site-packages (from matplotlib) (0.11.0)
Requirement already satisfied: fonttools>=4.22.0 in /Users/Shared/anaconda3/lib/python3.9/site-packages (from matplotlib) (4.25.0)
Requirement already satisfied: pillow>=6.2.0 in /Users/Shared/anaconda3/lib/python3.9/site-packages (from matplotlib) (9.2.0)
Requirement already satisfied: numpy>=1.17 in /Users/Shared/anaconda3/lib/python3.9/site-packages (from matplotlib) (1.21.5)
Requirement already satisfied: packaging>=20.0 in /Users/Shared/anaconda3/lib/python3.9/site-packages (from matplotlib) (21.3)
Requirement already satisfied: numpy>=1.17 in /Users/Shared/anaconda3/lib/python3.9/site-packages (from matplotlib) (1.21.5)
Requirement already satisfied: kiwisolver>=1.0.1 in /Users/Shared/anaconda3/lib/python3.9/site-packages (from matplotlib) (1.4.2)
Requirement already satisfied: kiwisolver>=1.0.1 in /Users/Shared/anaconda3/lib/python3.9/site-packages (from matplotlib) (1.4.2)
Requirement already satisfied: kiwisolver>=1.0.1 in /Users/Shared/anaconda3/lib/python3.9/site-packages (from matplotlib) (1.4.2)
Requirement already satisfied: packaging>=20.0 in /Users/Shared/anaconda3/lib/python3.9/site-packages (from matplotlib) (21.3)
Requirement already satisfied: numpy>=1.17 in /Users/Shared/anaconda3/lib/python3.9/site-packages (from matplotlib) (1.21.5)
Requirement already satisfied: pyparsing>=2.2.1 in /Users/Shared/anaconda3/lib/python3.9/site-packages (from matplotlib) (3.0.9)
Requirement already satisfied: pillow>=6.2.0 in /Users/Shared/anaconda3/lib/python3.9/site-packages (from matplotlib) (9.2.0)
Requirement already satisfied: cycler>=0.10 in /Users/Shared/anaconda3/lib/python3.9/site-packages (from matplotlib) (0.11.0)
Requirement already satisfied: pillow>=6.2.0 in /Users/Shared/anaconda3/lib/python3.9/site-packages (from matplotlib) (9.2.0)
Requirement already satisfied: pyparsing>=2.2.1 in /Users/Shared/anaconda3/lib/python3.9/site-packages (from matplotlib) (3.0.9)
Requirement already satisfied: python-dateutil>=2.7 in /Users/Shared/anaconda3/lib/python3.9/site-packages (from matplotlib) (2.8.2)
Requirement already satisfied: python-dateutil>=2.7 in /Users/Shared/anaconda3/lib/python3.9/site-packages (from matplotlib) (2.8.2)
Requirement already satisfied: fonttools>=4.22.0 in /Users/Shared/anaconda3/lib/python3.9/site-packages (from matplotlib) (4.25.0)
Requirement already satisfied: python-dateutil>=2.7 in /Users/Shared/anaconda3/lib/python3.9/site-packages (from matplotlib) (2.8.2)
Requirement already satisfied: packaging>=20.0 in /Users/Shared/anaconda3/lib/python3.9/site-packages (from matplotlib) (21.3)
Requirement already satisfied: six>=1.5 in /Users/Shared/anaconda3/lib/python3.9/site-packages (from python-dateutil>=2.7->matplotlib) (1.16.0)
Requirement already satisfied: six>=1.5 in /Users/Shared/anaconda3/lib/python3.9/site-packages (from python-dateutil>=2.7->matplotlib) (1.16.0)
Requirement already satisfied: six>=1.5 in /Users/Shared/anaconda3/lib/python3.9/site-packages (from python-dateutil>=2.7->matplotlib) (1.16.0)
Requirement already satisfied: joblib in /Users/Shared/anaconda3/lib/python3.9/site-packages (1.1.0)
Requirement already satisfied: joblib in /Users/Shared/anaconda3/lib/python3.9/site-packages (1.1.0)
Requirement already satisfied: joblib in /Users/Shared/anaconda3/lib/python3.9/site-packages (1.1.0)
/Users/Shared/anaconda3/lib/python3.9/site-packages/joblib/externals/loky/backend/resource_tracker.py:318: UserWarning: resource_tracker: There appear to be 22 leaked semlock objects to clean up at shutdown
  warnings.warn('resource_tracker: There appear to be %d '
/Users/Shared/anaconda3/lib/python3.9/site-packages/joblib/externals/loky/backend/resource_tracker.py:318: UserWarning: resource_tracker: There appear to be 2 leaked folder objects to clean up at shutdown
  warnings.warn('resource_tracker: There appear to be %d '
/Users/Shared/anaconda3/lib/python3.9/site-packages/joblib/externals/loky/backend/resource_tracker.py:333: UserWarning: resource_tracker: /var/folders/gd/lqlbpjv13dxg0233c39793zr0000gn/T/joblib_memmapping_folder_46097_9773ba638e6246219abb67147040fa78_bee421b311884706a88f84a6c2d7f62a: FileNotFoundError(2, 'No such file or directory')
  warnings.warn('resource_tracker: %s: %r' % (name, e))
/Users/Shared/anaconda3/lib/python3.9/site-packages/joblib/externals/loky/backend/resource_tracker.py:333: UserWarning: resource_tracker: /var/folders/gd/lqlbpjv13dxg0233c39793zr0000gn/T/joblib_memmapping_folder_46097_9773ba638e6246219abb67147040fa78_3781566c9e024c4b8b875eefe30c435b: FileNotFoundError(2, 'No such file or directory')
  warnings.warn('resource_tracker: %s: %r' % (name, e))
